<?xml version="1.0" encoding="UTF-8"?>
<testng-results ignored="0" total="1" passed="1" failed="0" skipped="0">
  <reporter-output>
  </reporter-output>
  <suite started-at="2024-11-27T11:48:37 IST" name="Default suite" finished-at="2024-11-27T11:48:37 IST" duration-ms="45">
    <groups>
    </groups>
    <test started-at="2024-11-27T11:48:37 IST" name="Default test" finished-at="2024-11-27T11:48:37 IST" duration-ms="45">
      <class name="Sample.Demo2">
        <test-method signature="Tc1()[pri:0, instance:Sample.Demo2@6af93788]" started-at="2024-11-27T11:48:37 IST" name="Tc1" finished-at="2024-11-27T11:48:37 IST" duration-ms="10" status="PASS">
          <reporter-output>
          </reporter-output>
        </test-method> <!-- Tc1 -->
      </class> <!-- Sample.Demo2 -->
    </test> <!-- Default test -->
  </suite> <!-- Default suite -->
</testng-results>
