<?xml version="1.0" encoding="UTF-8"?>
<testng-results ignored="0" total="1" passed="1" failed="0" skipped="0">
  <reporter-output>
  </reporter-output>
  <suite started-at="2024-11-27T11:15:24 IST" name="Default suite" finished-at="2024-11-27T11:15:24 IST" duration-ms="45">
    <groups>
    </groups>
    <test started-at="2024-11-27T11:15:24 IST" name="Default test" finished-at="2024-11-27T11:15:24 IST" duration-ms="45">
      <class name="Sample.Demo">
        <test-method signature="tc()[pri:0, instance:Sample.Demo@6af93788]" started-at="2024-11-27T11:15:24 IST" name="tc" finished-at="2024-11-27T11:15:24 IST" duration-ms="8" status="PASS">
          <reporter-output>
          </reporter-output>
        </test-method> <!-- tc -->
      </class> <!-- Sample.Demo -->
    </test> <!-- Default test -->
  </suite> <!-- Default suite -->
</testng-results>
